<?xml version="1.0"?>
<testsuite name="HeadlessChrome 63.0.3239 (Linux 0.0.0)" package="" timestamp="2018-03-09T14:36:09" id="0" hostname="marmotte" tests="7" errors="0" failures="0" time="0">
  <properties>
    <property name="browser.fullName" value="Mozilla/5.0 (X11; Linux x86_64) AppleWebKit/537.36 (KHTML, like Gecko) HeadlessChrome/63.0.3239.108 Safari/537.36"/>
  </properties>
  <testcase name="Widget Widget initialization When the widget is instanciated, Then its end_date must equal to the current date and start_date must equal to end_date minus one week" time="0" classname="Widget"/>
  <testcase name="Widget switchToReadingMode Given a widget in writing mode, When I switch to the reading mode, Then the reading mode is shown" time="0" classname="Widget"/>
  <testcase name="Widget switchToReadingMode Given a widget in writing mode and some data, When I switch to the reading mode, Then the reading mode is shown" time="0" classname="Widget"/>
  <testcase name="WidgetWritingMode Cancel When I click on the cancel button, Then an event is emitted without data to broadcast" time="0" classname="WidgetWritingMode"/>
  <testcase name="WidgetWritingMode switchToReadingMode When I click on the search button, Then the selected dates are broadcast through an event." time="0" classname="WidgetWritingMode"/>
  <testcase name="WidgetReadingMode switchToWritingMode When I switch to writing mode, Then an event is emitted" time="0" classname="WidgetReadingMode"/>
  <testcase name="WidgetArtifactTable getFormattedDate When I call this method with a string date, Then it returns a formatted date." time="0" classname="WidgetArtifactTable"/>
  <system-out>
    <![CDATA[HeadlessChrome 63.0.3239 (Linux 0.0.0) INFO: 'Download the Vue Devtools extension for a better development experience:
https://github.com/vuejs/vue-devtools'
,HeadlessChrome 63.0.3239 (Linux 0.0.0) INFO: 'You are running Vue in development mode.
Make sure to turn on production mode when deploying for production.
See more tips at https://vuejs.org/guide/deployment.html'

]]>
  </system-out>
  <system-err/>
</testsuite>